<?xml version="1.0" encoding="utf-8"?><testsuites name="pytest tests"><testsuite name="pytest" errors="0" failures="0" skipped="0" tests="38" time="0.805" timestamp="2026-07-26T12:57:09.310697+01:00" hostname="Lybonar"><testcase classname="tests.gold_corpus.certification.tests.test_a3r_engine.TestAssertionOperators" name="test_contains" time="0.002" /><testcase classname="tests.gold_corpus.certification.tests.test_a3r_engine.TestAssertionOperators" name="test_count_equals" time="0.001" /><testcase classname="tests.gold_corpus.certification.tests.test_a3r_engine.TestAssertionOperators" name="test_equals" time="0.001" /><testcase classname="tests.gold_corpus.certification.tests.test_a3r_engine.TestAssertionOperators" name="test_exists" time="0.001" /><testcase classname="tests.gold_corpus.certification.tests.test_a3r_engine.TestAssertionOperators" name="test_greater_than" time="0.001" /><testcase classname="tests.gold_corpus.certification.tests.test_a3r_engine.TestAssertionOperators" name="test_less_than" time="0.001" /><testcase classname="tests.gold_corpus.certification.tests.test_a3r_engine.TestAssertionOperators" name="test_not_contains" time="0.001" /><testcase classname="tests.gold_corpus.certification.tests.test_a3r_engine.TestAssertionOperators" name="test_not_equals" time="0.001" /><testcase classname="tests.gold_corpus.certification.tests.test_a3r_engine.TestAssertionOperators" name="test_not_exists" time="0.001" /><testcase classname="tests.gold_corpus.certification.tests.test_a3r_engine.TestAssertionOperators" name="test_resolve_path" time="0.001" /><testcase classname="tests.gold_corpus.certification.tests.test_a3r_engine.TestAssertionOperators" name="test_subset" time="0.003" /><testcase classname="tests.gold_corpus.certification.tests.test_a3r_engine.TestAssertionOperators" name="test_unchanged_changed" time="0.001" /><testcase classname="tests.gold_corpus.certification.tests.test_a3r_engine.TestExpectedActualSeparation" name="test_expected_loader_returns_dict" time="0.002" /><testcase classname="tests.gold_corpus.certification.tests.test_a3r_engine.TestExpectedActualSeparation" name="test_separate_classes" time="0.001" /><testcase classname="tests.gold_corpus.certification.tests.test_a3r_engine.TestNegativeCases" name="test_action_manquante" time="0.168" /><testcase classname="tests.gold_corpus.certification.tests.test_a3r_engine.TestNegativeCases" name="test_budget_erronne" time="0.017" /><testcase classname="tests.gold_corpus.certification.tests.test_a3r_engine.TestNegativeCases" name="test_confirmation_prematuree" time="0.025" /><testcase classname="tests.gold_corpus.certification.tests.test_a3r_engine.TestNegativeCases" name="test_mauvaise_langue" time="0.029" /><testcase classname="tests.gold_corpus.certification.tests.test_a3r_engine.TestNegativeCases" name="test_zone_perdue" time="0.020" /><testcase classname="tests.gold_corpus.certification.tests.test_a3r_engine.TestPositiveCases" name="test_achat_simple" time="0.065" /><testcase classname="tests.gold_corpus.certification.tests.test_a3r_engine.TestPositiveCases" name="test_correction_budget" time="0.030" /><testcase classname="tests.gold_corpus.certification.tests.test_a3r_engine.TestPositiveCases" name="test_correction_quartier" time="0.036" /><testcase classname="tests.gold_corpus.certification.tests.test_a3r_engine.TestPositiveCases" name="test_idempotence" time="0.034" /><testcase classname="tests.gold_corpus.certification.tests.test_a3r_engine.TestPositiveCases" name="test_location_simple" time="0.037" /><testcase classname="tests.gold_corpus.certification.tests.test_a3r_engine.TestPositiveCases" name="test_refus_creation" time="0.030" /><testcase classname="tests.gold_corpus.certification.tests.test_a3r_engine.TestPositiveCases" name="test_visite_simple" time="0.021" /><testcase classname="tests.gold_corpus.certification.tests.test_a3r_engine.TestNegativeCasesExtended" name="test_double_creation_metier" time="0.026" /><testcase classname="tests.gold_corpus.certification.tests.test_a3r_engine.TestNegativeCasesExtended" name="test_pending_user_action_incorrect" time="0.023" /><testcase classname="tests.gold_corpus.certification.tests.test_a3r_engine.TestTautologyExtended" name="test_actual_source_type_is_runtime" time="0.013" /><testcase classname="tests.gold_corpus.certification.tests.test_a3r_engine.TestTautologyExtended" name="test_actual_without_runtime_calls_rejected" time="0.001" /><testcase classname="tests.gold_corpus.certification.tests.test_a3r_engine.TestTautologyExtended" name="test_expected_actual_different_classes" time="0.000" /><testcase classname="tests.gold_corpus.certification.tests.test_a3r_engine.TestTautologyExtended" name="test_expected_actual_object_identity_rejected" time="0.001" /><testcase classname="tests.gold_corpus.certification.tests.test_a3r_engine.TestTautologyExtended" name="test_runtime_generated_actual_accepted" time="0.001" /><testcase classname="tests.gold_corpus.certification.tests.test_a3r_engine.TestCategoryLanguageDefaults" name="test_category_not_defaulted_to_rental" time="0.020" /><testcase classname="tests.gold_corpus.certification.tests.test_a3r_engine.TestCategoryLanguageDefaults" name="test_language_not_defaulted_to_fr" time="0.006" /><testcase classname="tests.gold_corpus.certification.tests.test_a3r_engine.TestCategoryLanguageDefaults" name="test_missing_category_stays_unknown" time="0.015" /><testcase classname="tests.gold_corpus.certification.tests.test_a3r_engine.TestCategoryLanguageDefaults" name="test_missing_language_stays_unknown" time="0.013" /><testcase classname="tests.gold_corpus.certification.tests.test_a3r_engine.TestRepositoryIsolation" name="test_each_run_uses_separate_repo" time="0.029" /></testsuite></testsuites>